[2026-05-02T12:16:39.533Z] GET http://localhost:8767/ → 200 (6ms, 16231B)
[2026-05-02T12:16:39.547Z] GET https://fonts.googleapis.com/css2?family=Barlow+Condensed:wght@400;600;700;800;900&family=Lora:ital,wght@0,400;0,500;1,400;1,500&family=Barlow:wght@300;400;500;600&display=swap → 200 (29ms, 30130B)
[2026-05-02T12:16:39.547Z] GET https://unpkg.com/react@18.3.1/umd/react.development.js → 200 (528ms, 109931B)
[2026-05-02T12:16:39.548Z] GET https://unpkg.com/react-dom@18.3.1/umd/react-dom.development.js → 200 (545ms, 1080227B)
[2026-05-02T12:16:39.548Z] GET https://unpkg.com/@babel/standalone@7.29.0/babel.min.js → 200 (406ms, 3137752B)
[2026-05-02T12:16:40.557Z] GET https://fonts.gstatic.com/s/barlow/v13/7cHqv4kjgoGqM7E30-8s51os.woff2 → 200 (47ms, 22772B)
[2026-05-02T12:16:40.557Z] GET https://fonts.gstatic.com/s/barlowcondensed/v13/HTxwL3I-JCGChYJ8VI-L6OO_au7B47b1z3bWuQ.woff2 → 200 (27ms, 22464B)
[2026-05-02T12:16:40.558Z] GET https://fonts.gstatic.com/s/barlowcondensed/v13/HTxwL3I-JCGChYJ8VI-L6OO_au7B46r2z3bWuQ.woff2 → 200 (46ms, 22444B)
[2026-05-02T12:16:40.558Z] GET https://fonts.gstatic.com/s/lora/v37/0QIhMX1D_JOuMw_LIftL.woff2 → 200 (47ms, 40772B)
[2026-05-02T12:16:40.558Z] GET https://fonts.gstatic.com/s/barlow/v13/7cHpv4kjgoGqM7E_DMs5.woff2 → 200 (35ms, 22196B)
[2026-05-02T12:16:45.764Z] GET http://localhost:8767/acts/Acts%20Chapter%201.html → 200 (5ms, 35814B)
[2026-05-02T12:16:45.774Z] GET https://fonts.googleapis.com/css2?family=Barlow+Condensed:wght@400;600;700;800;900&family=Lora:ital,wght@0,400;0,500;1,400;1,500&family=Barlow:wght@300;400;500;600&display=swap → 200 (2ms, 30130B)
[2026-05-02T12:16:45.779Z] GET https://unpkg.com/react@18.3.1/umd/react.development.js → 200 (?ms, 109931B)
[2026-05-02T12:16:45.779Z] GET https://unpkg.com/react-dom@18.3.1/umd/react-dom.development.js → 200 (?ms, 1080227B)
[2026-05-02T12:16:45.780Z] GET https://unpkg.com/@babel/standalone@7.29.0/babel.min.js → 200 (?ms, 3137752B)
[2026-05-02T12:16:45.780Z] GET http://localhost:8767/acts/acts-ch1-data.js → 200 (64ms, 15499B)
[2026-05-02T12:16:46.034Z] GET http://localhost:8767/acts/tweaks-panel.jsx → 200 (213ms, 18440B)
[2026-05-02T12:16:46.034Z] GET https://fonts.gstatic.com/s/barlow/v13/7cHpv4kjgoGqM7E_DMs5.woff2 → 200 (1ms, ?B)
[2026-05-02T12:16:46.035Z] GET https://fonts.gstatic.com/s/barlow/v13/7cHqv4kjgoGqM7E30-8s51os.woff2 → 200 (?ms, ?B)
[2026-05-02T12:16:46.035Z] GET https://fonts.gstatic.com/s/barlowcondensed/v13/HTxwL3I-JCGChYJ8VI-L6OO_au7B46r2z3bWuQ.woff2 → 200 (?ms, ?B)
[2026-05-02T12:16:46.036Z] GET https://fonts.gstatic.com/s/barlowcondensed/v13/HTxwL3I-JCGChYJ8VI-L6OO_au7B47b1z3bWuQ.woff2 → 200 (?ms, ?B)
[2026-05-02T12:16:46.036Z] GET https://fonts.gstatic.com/s/lora/v37/0QIhMX1D_JOuMw_LIftL.woff2 → 200 (?ms, ?B)
[2026-05-02T12:16:46.285Z] GET https://fonts.gstatic.com/s/barlow/v13/7cHqv4kjgoGqM7E3_-gs51os.woff2 → pending (?ms, ?B)
[2026-05-02T12:16:46.285Z] GET https://fonts.gstatic.com/s/barlowcondensed/v13/HTxwL3I-JCGChYJ8VI-L6OO_au7B4873z3bWuQ.woff2 → pending (?ms, ?B)
